app/build/intermediates/manifest_merge_blame_file/release/manifest-merger-blame-release-report.txt
1<?xml version="1.0" encoding="utf-8"?>
2<manifest xmlns:android="http://schemas.android.com/apk/res/android"
3    package="com.star4droid.star2d.evo"
4    android:versionCode="1"
5    android:versionName="1.0" >
6
7    <uses-sdk
7-->src/main/AndroidManifest.xml:14:5-73
8        android:minSdkVersion="26"
8-->src/main/AndroidManifest.xml:14:15-41
9        android:targetSdkVersion="31" />
9-->src/main/AndroidManifest.xml:14:42-71
10
11    <uses-permission android:name="android.permission.FOREGROUND_SERVICE" />
11-->src/main/AndroidManifest.xml:6:2-74
11-->src/main/AndroidManifest.xml:6:19-71
12    <uses-permission android:name="android.permission.FOREGROUND_SERVICE_DATA_SYNC" />
12-->src/main/AndroidManifest.xml:7:5-86
12-->src/main/AndroidManifest.xml:7:22-84
13    <uses-permission android:name="android.permission.READ_EXTERNAL_STORAGE" />
13-->src/main/AndroidManifest.xml:8:5-80
13-->src/main/AndroidManifest.xml:8:22-77
14    <uses-permission android:name="android.permission.WRITE_EXTERNAL_STORAGE" />
14-->src/main/AndroidManifest.xml:9:2-78
14-->src/main/AndroidManifest.xml:9:19-75
15    <uses-permission android:name="android.permission.ACCESS_MEDIA_LOCATION" />
15-->src/main/AndroidManifest.xml:10:2-77
15-->src/main/AndroidManifest.xml:10:19-74
16    <uses-permission android:name="android.permission.WRITE_MEDIA_STORAGE" />
16-->src/main/AndroidManifest.xml:11:2-75
16-->src/main/AndroidManifest.xml:11:19-72
17    <uses-permission android:name="android.permission.REQUEST_INSTALL_PACKAGES" />
17-->src/main/AndroidManifest.xml:12:2-80
17-->src/main/AndroidManifest.xml:12:19-77
18    <uses-permission android:name="android.permission.MANAGE_EXTERNAL_STORAGE" />
18-->src/main/AndroidManifest.xml:13:2-78
18-->src/main/AndroidManifest.xml:13:19-76
19
20    <uses-feature
20-->[com.badlogicgames.gdx:gdx-backend-android:1.12.1] AndroidManifest.xml:9:5-11:35
21        android:glEsVersion="0x00020000"
21-->[com.badlogicgames.gdx:gdx-backend-android:1.12.1] AndroidManifest.xml:10:9-41
22        android:required="true" />
22-->[com.badlogicgames.gdx:gdx-backend-android:1.12.1] AndroidManifest.xml:11:9-32
23
24    <permission
24-->[androidx.core:core:1.9.0] AndroidManifest.xml:22:5-24:47
25        android:name="com.star4droid.star2d.evo.DYNAMIC_RECEIVER_NOT_EXPORTED_PERMISSION"
25-->[androidx.core:core:1.9.0] AndroidManifest.xml:23:9-81
26        android:protectionLevel="signature" />
26-->[androidx.core:core:1.9.0] AndroidManifest.xml:24:9-44
27
28    <uses-permission android:name="com.star4droid.star2d.evo.DYNAMIC_RECEIVER_NOT_EXPORTED_PERMISSION" />
28-->[androidx.core:core:1.9.0] AndroidManifest.xml:26:5-97
28-->[androidx.core:core:1.9.0] AndroidManifest.xml:26:22-94
29
30    <application
30-->src/main/AndroidManifest.xml:16:5-124:19
31        android:name="com.star4droid.star2d.evo.star2dApp"
31-->src/main/AndroidManifest.xml:24:3-53
32        android:allowBackup="true"
32-->src/main/AndroidManifest.xml:17:9-35
33        android:appComponentFactory="androidx.core.app.CoreComponentFactory"
33-->[androidx.core:core:1.9.0] AndroidManifest.xml:28:18-86
34        android:extractNativeLibs="false"
35        android:icon="@drawable/icon"
35-->src/main/AndroidManifest.xml:18:9-38
36        android:label="@string/app_name"
36-->src/main/AndroidManifest.xml:19:9-41
37        android:requestLegacyExternalStorage="true"
37-->src/main/AndroidManifest.xml:22:3-46
38        android:roundIcon="@drawable/icon"
38-->src/main/AndroidManifest.xml:20:9-43
39        android:supportsRtl="false"
39-->src/main/AndroidManifest.xml:21:9-36
40        android:theme="@style/AppTheme"
40-->src/main/AndroidManifest.xml:25:9-40
41        android:usesCleartextTraffic="true" >
41-->src/main/AndroidManifest.xml:23:3-38
42        <activity
42-->src/main/AndroidManifest.xml:26:9-35:20
43            android:name="com.star4droid.star2d.MainActivity"
43-->src/main/AndroidManifest.xml:27:13-62
44            android:exported="true"
44-->src/main/AndroidManifest.xml:30:13-36
45            android:screenOrientation="landscape"
45-->src/main/AndroidManifest.xml:29:4-41
46            android:theme="@style/AppTheme.FullScreen" >
46-->src/main/AndroidManifest.xml:28:4-46
47            <intent-filter>
47-->src/main/AndroidManifest.xml:31:13-34:29
48                <action android:name="android.intent.action.MAIN" />
48-->src/main/AndroidManifest.xml:32:17-69
48-->src/main/AndroidManifest.xml:32:25-66
49
50                <category android:name="android.intent.category.LAUNCHER" />
50-->src/main/AndroidManifest.xml:33:17-77
50-->src/main/AndroidManifest.xml:33:27-74
51            </intent-filter>
52        </activity>
53        <activity
53-->src/main/AndroidManifest.xml:37:3-41:38
54            android:name="com.star4droid.star2d.ProjectsActivity"
54-->src/main/AndroidManifest.xml:38:3-56
55            android:exported="true"
55-->src/main/AndroidManifest.xml:41:3-26
56            android:screenOrientation="landscape"
56-->src/main/AndroidManifest.xml:40:3-40
57            android:theme="@style/AppTheme.FullScreen" />
57-->src/main/AndroidManifest.xml:39:3-45
58        <activity
58-->src/main/AndroidManifest.xml:42:3-50:14
59            android:name="com.star4droid.star2d.EditorActivity"
59-->src/main/AndroidManifest.xml:43:3-54
60            android:configChanges="orientation|screenSize|keyboardHidden|smallestScreenSize|screenLayout"
60-->src/main/AndroidManifest.xml:44:3-96
61            android:exported="true"
61-->src/main/AndroidManifest.xml:49:3-26
62            android:hardwareAccelerated="true"
62-->src/main/AndroidManifest.xml:45:3-37
63            android:screenOrientation="landscape"
63-->src/main/AndroidManifest.xml:47:3-40
64            android:supportsPictureInPicture="true"
64-->src/main/AndroidManifest.xml:46:3-42
65            android:theme="@style/AppTheme.FullScreen" >
65-->src/main/AndroidManifest.xml:48:3-45
66        </activity>
67        <activity
67-->src/main/AndroidManifest.xml:51:3-59:14
68            android:name="com.star4droid.star2d.PortraitPlayer"
68-->src/main/AndroidManifest.xml:52:3-54
69            android:configChanges="orientation|screenSize|keyboardHidden|smallestScreenSize|screenLayout"
69-->src/main/AndroidManifest.xml:53:3-96
70            android:exported="true"
70-->src/main/AndroidManifest.xml:58:3-26
71            android:hardwareAccelerated="true"
71-->src/main/AndroidManifest.xml:54:3-37
72            android:screenOrientation="fullSensor"
72-->src/main/AndroidManifest.xml:56:3-41
73            android:supportsPictureInPicture="true"
73-->src/main/AndroidManifest.xml:55:3-42
74            android:theme="@style/AppTheme.FullScreen" >
74-->src/main/AndroidManifest.xml:57:3-45
75        </activity>
76        <activity
76-->src/main/AndroidManifest.xml:60:3-68:29
77            android:name="com.star4droid.star2d.Activities.CodeEditorActivity"
77-->src/main/AndroidManifest.xml:61:4-70
78            android:configChanges="orientation|screenSize|keyboardHidden|smallestScreenSize|screenLayout"
78-->src/main/AndroidManifest.xml:62:4-97
79            android:exported="true"
79-->src/main/AndroidManifest.xml:68:4-27
80            android:hardwareAccelerated="true"
80-->src/main/AndroidManifest.xml:63:4-38
81            android:screenOrientation="fullSensor"
81-->src/main/AndroidManifest.xml:65:4-42
82            android:supportsPictureInPicture="true"
82-->src/main/AndroidManifest.xml:64:4-43
83            android:theme="@style/AppTheme"
83-->src/main/AndroidManifest.xml:66:4-35
84            android:windowSoftInputMode="adjustResize|stateVisible" />
84-->src/main/AndroidManifest.xml:67:4-59
85        <activity
85-->src/main/AndroidManifest.xml:69:3-77:14
86            android:name="com.star4droid.star2d.LandscapePlayer"
86-->src/main/AndroidManifest.xml:70:3-55
87            android:configChanges="orientation|screenSize|keyboardHidden|smallestScreenSize|screenLayout"
87-->src/main/AndroidManifest.xml:71:3-96
88            android:exported="true"
88-->src/main/AndroidManifest.xml:76:3-26
89            android:hardwareAccelerated="true"
89-->src/main/AndroidManifest.xml:72:3-37
90            android:screenOrientation="landscape"
90-->src/main/AndroidManifest.xml:74:3-40
91            android:supportsPictureInPicture="true"
91-->src/main/AndroidManifest.xml:73:3-42
92            android:theme="@style/AppTheme.FullScreen" >
92-->src/main/AndroidManifest.xml:75:3-45
93        </activity>
94        <activity
94-->src/main/AndroidManifest.xml:78:3-86:14
95            android:name="com.star4droid.star2d.Activities.FilesManagerActivity"
95-->src/main/AndroidManifest.xml:79:3-71
96            android:configChanges="orientation|screenSize|keyboardHidden|smallestScreenSize|screenLayout"
96-->src/main/AndroidManifest.xml:80:3-96
97            android:exported="true"
97-->src/main/AndroidManifest.xml:85:3-26
98            android:hardwareAccelerated="true"
98-->src/main/AndroidManifest.xml:81:3-37
99            android:screenOrientation="landscape"
99-->src/main/AndroidManifest.xml:83:3-40
100            android:supportsPictureInPicture="true"
100-->src/main/AndroidManifest.xml:82:3-42
101            android:theme="@style/AppTheme.FullScreen" >
101-->src/main/AndroidManifest.xml:84:3-45
102        </activity>
103        <activity
103-->src/main/AndroidManifest.xml:87:3-94:28
104            android:name="com.star4droid.star2d.Activities.SettingsActivity"
104-->src/main/AndroidManifest.xml:88:3-67
105            android:configChanges="orientation|screenSize|keyboardHidden|smallestScreenSize|screenLayout"
105-->src/main/AndroidManifest.xml:89:3-96
106            android:exported="true"
106-->src/main/AndroidManifest.xml:94:3-26
107            android:hardwareAccelerated="true"
107-->src/main/AndroidManifest.xml:90:3-37
108            android:screenOrientation="landscape"
108-->src/main/AndroidManifest.xml:92:3-40
109            android:supportsPictureInPicture="true"
109-->src/main/AndroidManifest.xml:91:3-42
110            android:theme="@style/AppTheme.FullScreen" />
110-->src/main/AndroidManifest.xml:93:3-45
111        <activity
111-->src/main/AndroidManifest.xml:95:3-103:14
112            android:name="com.star4droid.star2d.Activities.AnimationActivity"
112-->src/main/AndroidManifest.xml:96:3-68
113            android:configChanges="orientation|screenSize|keyboardHidden|smallestScreenSize|screenLayout"
113-->src/main/AndroidManifest.xml:97:3-96
114            android:exported="true"
114-->src/main/AndroidManifest.xml:102:3-26
115            android:hardwareAccelerated="true"
115-->src/main/AndroidManifest.xml:98:3-37
116            android:screenOrientation="landscape"
116-->src/main/AndroidManifest.xml:100:3-40
117            android:supportsPictureInPicture="true"
117-->src/main/AndroidManifest.xml:99:3-42
118            android:theme="@style/AppTheme.FullScreen" >
118-->src/main/AndroidManifest.xml:101:3-45
119        </activity>
120
121        <service
121-->src/main/AndroidManifest.xml:104:3-111:5
122            android:name="com.star4droid.star2d.Activities.IndexingService"
122-->src/main/AndroidManifest.xml:107:3-66
123            android:enabled="true"
123-->src/main/AndroidManifest.xml:105:3-25
124            android:exported="true"
124-->src/main/AndroidManifest.xml:106:3-26
125            android:foregroundServiceType="dataSync"
125-->src/main/AndroidManifest.xml:108:3-43
126            android:permission="android.permission.FOREGROUND_SERVICE"
126-->src/main/AndroidManifest.xml:110:3-61
127            android:stopWithTask="false" />
127-->src/main/AndroidManifest.xml:109:3-31
128
129        <provider
129-->src/main/AndroidManifest.xml:112:3-120:14
130            android:name="androidx.core.content.FileProvider"
130-->src/main/AndroidManifest.xml:113:3-52
131            android:authorities="com.star4droid.star2d.evo.fileprovider"
131-->src/main/AndroidManifest.xml:114:3-63
132            android:exported="false"
132-->src/main/AndroidManifest.xml:115:3-27
133            android:grantUriPermissions="true" >
133-->src/main/AndroidManifest.xml:116:3-37
134            <meta-data
134-->src/main/AndroidManifest.xml:117:3-119:40
135                android:name="android.support.FILE_PROVIDER_PATHS"
135-->src/main/AndroidManifest.xml:118:3-53
136                android:resource="@xml/file_paths" />
136-->src/main/AndroidManifest.xml:119:3-37
137        </provider>
138
139        <meta-data
139-->src/main/AndroidManifest.xml:121:9-123:57
140            android:name="preloaded_fonts"
140-->src/main/AndroidManifest.xml:122:13-43
141            android:resource="@array/preloaded_fonts" />
141-->src/main/AndroidManifest.xml:123:13-54
142
143        <provider
143-->[androidx.emoji2:emoji2:1.2.0] AndroidManifest.xml:24:9-32:20
144            android:name="androidx.startup.InitializationProvider"
144-->[androidx.emoji2:emoji2:1.2.0] AndroidManifest.xml:25:13-67
145            android:authorities="com.star4droid.star2d.evo.androidx-startup"
145-->[androidx.emoji2:emoji2:1.2.0] AndroidManifest.xml:26:13-68
146            android:exported="false" >
146-->[androidx.emoji2:emoji2:1.2.0] AndroidManifest.xml:27:13-37
147            <meta-data
147-->[androidx.emoji2:emoji2:1.2.0] AndroidManifest.xml:29:13-31:52
148                android:name="androidx.emoji2.text.EmojiCompatInitializer"
148-->[androidx.emoji2:emoji2:1.2.0] AndroidManifest.xml:30:17-75
149                android:value="androidx.startup" />
149-->[androidx.emoji2:emoji2:1.2.0] AndroidManifest.xml:31:17-49
150            <meta-data
150-->[androidx.lifecycle:lifecycle-process:2.6.1] AndroidManifest.xml:29:13-31:52
151                android:name="androidx.lifecycle.ProcessLifecycleInitializer"
151-->[androidx.lifecycle:lifecycle-process:2.6.1] AndroidManifest.xml:30:17-78
152                android:value="androidx.startup" />
152-->[androidx.lifecycle:lifecycle-process:2.6.1] AndroidManifest.xml:31:17-49
153            <meta-data
153-->[androidx.profileinstaller:profileinstaller:1.3.0] AndroidManifest.xml:29:13-31:52
154                android:name="androidx.profileinstaller.ProfileInstallerInitializer"
154-->[androidx.profileinstaller:profileinstaller:1.3.0] AndroidManifest.xml:30:17-85
155                android:value="androidx.startup" />
155-->[androidx.profileinstaller:profileinstaller:1.3.0] AndroidManifest.xml:31:17-49
156        </provider>
157
158        <receiver
158-->[androidx.profileinstaller:profileinstaller:1.3.0] AndroidManifest.xml:34:9-52:20
159            android:name="androidx.profileinstaller.ProfileInstallReceiver"
159-->[androidx.profileinstaller:profileinstaller:1.3.0] AndroidManifest.xml:35:13-76
160            android:directBootAware="false"
160-->[androidx.profileinstaller:profileinstaller:1.3.0] AndroidManifest.xml:36:13-44
161            android:enabled="true"
161-->[androidx.profileinstaller:profileinstaller:1.3.0] AndroidManifest.xml:37:13-35
162            android:exported="true"
162-->[androidx.profileinstaller:profileinstaller:1.3.0] AndroidManifest.xml:38:13-36
163            android:permission="android.permission.DUMP" >
163-->[androidx.profileinstaller:profileinstaller:1.3.0] AndroidManifest.xml:39:13-57
164            <intent-filter>
164-->[androidx.profileinstaller:profileinstaller:1.3.0] AndroidManifest.xml:40:13-42:29
165                <action android:name="androidx.profileinstaller.action.INSTALL_PROFILE" />
165-->[androidx.profileinstaller:profileinstaller:1.3.0] AndroidManifest.xml:41:17-91
165-->[androidx.profileinstaller:profileinstaller:1.3.0] AndroidManifest.xml:41:25-88
166            </intent-filter>
167            <intent-filter>
167-->[androidx.profileinstaller:profileinstaller:1.3.0] AndroidManifest.xml:43:13-45:29
168                <action android:name="androidx.profileinstaller.action.SKIP_FILE" />
168-->[androidx.profileinstaller:profileinstaller:1.3.0] AndroidManifest.xml:44:17-85
168-->[androidx.profileinstaller:profileinstaller:1.3.0] AndroidManifest.xml:44:25-82
169            </intent-filter>
170            <intent-filter>
170-->[androidx.profileinstaller:profileinstaller:1.3.0] AndroidManifest.xml:46:13-48:29
171                <action android:name="androidx.profileinstaller.action.SAVE_PROFILE" />
171-->[androidx.profileinstaller:profileinstaller:1.3.0] AndroidManifest.xml:47:17-88
171-->[androidx.profileinstaller:profileinstaller:1.3.0] AndroidManifest.xml:47:25-85
172            </intent-filter>
173            <intent-filter>
173-->[androidx.profileinstaller:profileinstaller:1.3.0] AndroidManifest.xml:49:13-51:29
174                <action android:name="androidx.profileinstaller.action.BENCHMARK_OPERATION" />
174-->[androidx.profileinstaller:profileinstaller:1.3.0] AndroidManifest.xml:50:17-95
174-->[androidx.profileinstaller:profileinstaller:1.3.0] AndroidManifest.xml:50:25-92
175            </intent-filter>
176        </receiver>
177    </application>
178
179</manifest>